16:24:12 0.77081800 Installing settings ...
16:24:12 0.77824900 Installing objects ...
16:24:12 0.79947600 Installing devices ...
16:24:13 0.01860700 Installing actions_log ...
16:24:13 0.02279500 Installing app_mediabrowser ...
16:24:13 0.02977500 Installing app_player ...
16:24:13 0.03078700 Installing blockly_code ...
16:24:13 0.03366700 Installing classes ...
16:24:13 0.03936500 Installing commands ...
16:24:13 0.06676700 Installing connect ...
16:24:13 0.07079400 Installing control_access ...
16:24:13 0.07387200 Installing dashboard ...
16:24:13 0.07466600 Installing dateselect ...
16:24:13 0.07528100 Installing devices ...
16:24:13 0.08596200 Installing events ...
16:24:13 0.09100800 Installing history ...
16:24:13 0.09337500 Installing jobs ...
16:24:13 0.09596900 Installing layouts ...
16:24:13 0.09843900 Installing linkedobject ...
16:24:13 0.09969900 Installing locations ...
16:24:13 0.10199900 Installing market ...
16:24:13 0.10658300 Installing master ...
16:24:13 0.10744800 Installing methods ...
16:24:13 0.11270000 Installing myblocks ...
16:24:13 0.11720800 Installing objects ...
16:24:13 0.12805400 Installing patterns ...
16:24:13 0.13191800 Installing pinghosts ...
16:24:13 0.13432000 Installing plans ...
16:24:13 0.14189000 Installing properties ...
16:24:13 0.14267000 Installing pvalues ...
16:24:13 0.14342500 Installing saverestore ...
16:24:13 0.14692500 Installing scenes ...
16:24:13 0.15605200 Installing scripts ...
16:24:13 0.16201200 Installing security_rules ...
16:24:13 0.16463400 Installing settings ...
16:24:13 0.16677400 Installing shoutbox ...
16:24:13 0.17718900 Installing shoutrooms ...
16:24:13 0.17940700 Installing soundfiles ...
16:24:13 0.18026000 Installing system_errors ...
16:24:13 0.18418800 Installing terminals ...
16:24:13 0.18774900 Installing textfiles ...
16:24:13 0.18851600 Installing thumb ...
16:24:13 0.18930900 Installing users ...
16:24:13 0.19190500 Installing xray ...
16:24:19 0.23878200 Installing settings ...
16:24:19 0.24696600 Installing objects ...
16:24:19 0.26082700 Installing devices ...
16:24:19 0.47621500 Installing actions_log ...
16:24:19 0.47902100 Installing app_mediabrowser ...
16:24:19 0.48412900 Installing app_player ...
16:24:19 0.48463000 Installing blockly_code ...
16:24:19 0.48707700 Installing classes ...
16:24:19 0.48969500 Installing commands ...
16:24:19 0.51646900 Installing connect ...
16:24:19 0.51869400 Installing control_access ...
16:24:19 0.52063300 Installing dashboard ...
16:24:19 0.52118800 Installing dateselect ...
16:24:19 0.52167300 Installing devices ...
16:24:19 0.53058400 Installing events ...
16:24:19 0.53421800 Installing history ...
16:24:19 0.53636700 Installing jobs ...
16:24:19 0.53843700 Installing layouts ...
16:24:19 0.54059300 Installing linkedobject ...
16:24:19 0.54122900 Installing locations ...
16:24:19 0.54309100 Installing market ...
16:24:19 0.54509300 Installing master ...
16:24:19 0.54571700 Installing methods ...
16:24:19 0.54816100 Installing myblocks ...
16:24:19 0.55155100 Installing objects ...
16:24:19 0.56613200 Installing patterns ...
16:24:19 0.56841700 Installing pinghosts ...
16:24:19 0.57037300 Installing plans ...
16:24:19 0.57725700 Installing properties ...
16:24:19 0.57775000 Installing pvalues ...
16:24:19 0.57825900 Installing saverestore ...
16:24:19 0.57876100 Installing scenes ...
16:24:19 0.58426700 Installing scripts ...
16:24:19 0.58963100 Installing security_rules ...
16:24:19 0.59178700 Installing settings ...
16:24:19 0.59401000 Installing shoutbox ...
16:24:19 0.59619700 Installing shoutrooms ...
16:24:19 0.59831100 Installing soundfiles ...
16:24:19 0.59880900 Installing system_errors ...
16:24:19 0.60240200 Installing terminals ...
16:24:19 0.60595400 Installing textfiles ...
16:24:19 0.60646300 Installing thumb ...
16:24:19 0.60704800 Installing users ...
16:24:19 0.60929800 Installing xray ...
16:34:16 0.95488500 Installing settings ...
16:34:16 0.97665100 Installing objects ...
16:34:16 0.99376000 Installing devices ...
16:34:17 0.00907200 Installing actions_log ...
16:34:17 0.01199100 Installing app_mediabrowser ...
16:34:17 0.01850500 Installing app_player ...
16:34:17 0.02034900 Installing blockly_code ...
16:34:17 0.02308900 Installing classes ...
16:34:17 0.02688400 Installing commands ...
16:34:17 0.05338100 Installing connect ...
16:34:17 0.05860700 Installing control_access ...
16:34:17 0.06212500 Installing dashboard ...
16:34:17 0.06302600 Installing dateselect ...
16:34:17 0.06363200 Installing devices ...
16:34:17 0.07484200 Installing events ...
16:34:17 0.08240200 Installing history ...
16:34:17 0.08967200 Installing jobs ...
16:34:17 0.09244400 Installing layouts ...
16:34:17 0.09538500 Installing linkedobject ...
16:34:17 0.09671400 Installing locations ...
16:34:17 0.10035600 Installing market ...
16:34:17 0.10490500 Installing master ...
16:34:17 0.10578800 Installing methods ...
16:34:17 0.10854500 Installing myblocks ...
16:34:17 0.11223100 Installing objects ...
16:34:17 0.12378600 Installing patterns ...
16:34:17 0.12776100 Installing pinghosts ...
16:34:17 0.13028500 Installing plans ...
16:34:17 0.13855800 Installing properties ...
16:34:17 0.13945000 Installing pvalues ...
16:34:17 0.14020600 Installing saverestore ...
16:34:17 0.14457400 Installing scenes ...
16:34:17 0.15643000 Installing scripts ...
16:34:17 0.16350300 Installing security_rules ...
16:34:17 0.16650800 Installing settings ...
16:34:17 0.16908400 Installing shoutbox ...
16:34:17 0.17155900 Installing shoutrooms ...
16:34:17 0.17380700 Installing soundfiles ...
16:34:17 0.17463500 Installing system_errors ...
16:34:17 0.17851800 Installing terminals ...
16:34:17 0.18227900 Installing textfiles ...
16:34:17 0.18402400 Installing thumb ...
16:34:17 0.18491800 Installing users ...
16:34:17 0.18755700 Installing xray ...
17:55:39 0.03106500 Installing settings ...
17:55:39 0.05618900 Installing objects ...
17:55:39 0.08670600 Installing devices ...
17:55:39 0.14121600 Installing actions_log ...
17:55:39 0.14638400 Installing blockly_code ...
17:55:39 0.15120300 Installing classes ...
17:55:39 0.15639400 Installing commands ...
17:55:39 0.18914600 Installing connect ...
17:55:39 0.19252600 Installing control_access ...
17:55:39 0.20416600 Installing dashboard ...
17:55:39 0.20540800 Installing dateselect ...
17:55:39 0.20625300 Installing devices ...
17:55:39 0.21577400 Installing events ...
17:55:39 0.22177300 Installing history ...
17:55:39 0.22486900 Installing jobs ...
17:55:39 0.22796500 Installing layouts ...
17:55:39 0.23117500 Installing linkedobject ...
17:55:39 0.23264300 Installing locations ...
17:55:39 0.24725200 Installing market ...
17:55:39 0.25022500 Installing master ...
17:55:39 0.25204800 Installing methods ...
17:55:39 0.25773000 Installing mqtt ...
17:55:39 0.44582400 Installing myblocks ...
17:55:39 0.47281000 Installing objects ...
17:55:39 0.48656500 Installing patterns ...
17:55:39 0.49220600 Installing pinghosts ...
17:55:39 0.49652900 Installing plans ...
17:55:39 0.50766600 Installing properties ...
17:55:39 0.50877500 Installing pvalues ...
17:55:39 0.50967600 Installing saverestore ...
17:55:39 0.51030300 Installing scenes ...
17:55:39 0.52417600 Installing scripts ...
17:55:39 0.53113000 Installing security_rules ...
17:55:39 0.53498800 Installing settings ...
17:55:39 0.53750800 Installing shoutbox ...
17:55:39 0.54057600 Installing shoutrooms ...
17:55:39 0.54393500 Installing soundfiles ...
17:55:39 0.56986300 Installing system_errors ...
17:55:39 0.59406600 Installing terminals ...
17:55:39 0.61802900 Installing textfiles ...
17:55:39 0.62865400 Installing thumb ...
17:55:39 0.63022700 Installing users ...
17:55:39 0.63566500 Installing xray ...
17:57:46 0.68326700 Installing settings ...
17:57:46 0.69378000 Installing objects ...
17:57:46 0.70872200 Installing devices ...
17:57:46 0.71991600 Installing actions_log ...
17:57:46 0.72350800 Installing backup ...
17:57:46 0.72581700 Installing blockly_code ...
17:57:46 0.72874700 Installing classes ...
17:57:46 0.73294700 Installing commands ...
17:57:46 0.78226400 Installing connect ...
17:57:46 0.78470200 Installing control_access ...
17:57:46 0.78664100 Installing dashboard ...
17:57:46 0.78717000 Installing dateselect ...
17:57:46 0.78771600 Installing devices ...
17:57:46 0.79785000 Installing events ...
17:57:46 0.80270000 Installing history ...
17:57:46 0.80488500 Installing jobs ...
17:57:46 0.80701000 Installing layouts ...
17:57:46 0.80890200 Installing linkedobject ...
17:57:46 0.80957700 Installing locations ...
17:57:46 0.81220600 Installing market ...
17:57:46 0.81401900 Installing master ...
17:57:46 0.81468000 Installing methods ...
17:57:46 0.81708600 Installing mqtt ...
17:57:46 0.82084800 Installing myblocks ...
17:57:46 0.82481000 Installing objects ...
17:57:46 0.83666100 Installing patterns ...
17:57:46 0.83962000 Installing pinghosts ...
17:57:46 0.84465800 Installing plans ...
17:57:46 0.85179500 Installing properties ...
17:57:46 0.85234100 Installing pvalues ...
17:57:46 0.85284000 Installing saverestore ...
17:57:46 0.85336000 Installing scenes ...
17:57:46 0.85873300 Installing scripts ...
17:57:46 0.86371100 Installing security_rules ...
17:57:46 0.86563200 Installing settings ...
17:57:46 0.86762800 Installing shoutbox ...
17:57:46 0.86937500 Installing shoutrooms ...
17:57:46 0.87117300 Installing soundfiles ...
17:57:46 0.87166800 Installing system_errors ...
17:57:46 0.87483000 Installing terminals ...
17:57:46 0.87806700 Installing textfiles ...
17:57:46 0.87864300 Installing thumb ...
17:57:46 0.87912900 Installing users ...
17:57:46 0.88174200 Installing xray ...
18:02:34 0.56913200 Installing settings ...
18:02:34 0.57775100 Installing objects ...
18:02:34 0.59233500 Installing devices ...
18:02:34 0.60267900 Installing actions_log ...
18:02:34 0.60533900 Installing backup ...
18:02:34 0.60651900 Installing blockly_code ...
18:02:34 0.60923100 Installing classes ...
18:02:34 0.61327000 Installing commands ...
18:02:34 0.68555600 Installing connect ...
18:02:34 0.69000100 Installing control_access ...
18:02:34 0.69449000 Installing dashboard ...
18:02:34 0.69524800 Installing dateselect ...
18:02:34 0.69586400 Installing devices ...
18:02:34 0.70465600 Installing events ...
18:02:34 0.70865500 Installing history ...
18:02:34 0.71098900 Installing jobs ...
18:02:34 0.71401500 Installing layouts ...
18:02:34 0.71627700 Installing linkedobject ...
18:02:34 0.71720000 Installing locations ...
18:02:34 0.71933100 Installing market ...
18:02:34 0.72253800 Installing master ...
18:02:34 0.72336500 Installing methods ...
18:02:34 0.72608100 Installing mqtt ...
18:02:34 0.72841500 Installing myblocks ...
18:02:34 0.73213500 Installing objects ...
18:02:34 0.74227300 Installing patterns ...
18:02:34 0.74521800 Installing pinghosts ...
18:02:34 0.74755600 Installing plans ...
18:02:34 0.75450100 Installing properties ...
18:02:34 0.75520400 Installing pvalues ...
18:02:34 0.75591100 Installing saverestore ...
18:02:34 0.75760000 Installing scenes ...
18:02:34 0.76549100 Installing scripts ...
18:02:34 0.77140900 Installing security_rules ...
18:02:34 0.77398000 Installing settings ...
18:02:34 0.77631800 Installing shoutbox ...
18:02:34 0.77857400 Installing shoutrooms ...
18:02:34 0.78091400 Installing soundfiles ...
18:02:34 0.78164700 Installing system_errors ...
18:02:34 0.78556800 Installing terminals ...
18:02:34 0.78952000 Installing textfiles ...
18:02:34 0.79031500 Installing thumb ...
18:02:34 0.79100100 Installing users ...
18:02:34 0.79341700 Installing xray ...
