15:02:59 0.66493100 SELECT * FROM settings WHERE 1 AND NAME NOT LIKE '%system%' AND NAME NOT LIKE '%behavior%' AND NAME NOT LIKE '%hook%' AND NAME NOT LIKE '%backup%' AND NAME NOT LIKE '%scenes%' AND NAME NOT LIKE '%calendar%' AND NAME NOT LIKE '%codeeditor%' and NAME IN('GENERAL_START_LAYOUT','SCENES_WIDTH','SCENES_HEIGHT','VOICE_LANGUAGE','THEME','SPEAK_SIGNAL','HOOK_BEFORE_SAY',	
'HOOK_AFTER_SAY','BACKUP_PATH',	'GENERAL_ALICE_NAME','SITE_TIMEZONE','TTS_GOOGLE','SITE_LANGUAGE','HOOK_EVENT_SAY','HOOK_EVENT_HOURLY',
'HOOK_BARCODE',	'HOOK_PLAYMEDIA','HOOK_BEFORE_PLAYSOUND','HOOK_AFTER_PLAYSOUND','HOOK_EVENT_COMMAND','HOOK_EVENT_SAYREPLY','HOOK_EVENT_SAYTO','HOOK_EVENT_ASK') ORDER BY PRIORITY DESC, NAME
15:02:59 0.71464600 SELECT * FROM settings WHERE 1 AND NAME NOT LIKE '%system%' AND NAME NOT LIKE '%behavior%' AND NAME NOT LIKE '%hook%' AND NAME NOT LIKE '%backup%' AND NAME NOT LIKE '%scenes%' AND NAME NOT LIKE '%calendar%' AND NAME NOT LIKE '%codeeditor%' and NAME IN('GENERAL_START_LAYOUT','SCENES_WIDTH','SCENES_HEIGHT','VOICE_LANGUAGE','THEME','SPEAK_SIGNAL','HOOK_BEFORE_SAY',	
'HOOK_AFTER_SAY','BACKUP_PATH',	'GENERAL_ALICE_NAME','SITE_TIMEZONE','TTS_GOOGLE','SITE_LANGUAGE','HOOK_EVENT_SAY','HOOK_EVENT_HOURLY',
'HOOK_BARCODE',	'HOOK_PLAYMEDIA','HOOK_BEFORE_PLAYSOUND','HOOK_AFTER_PLAYSOUND','HOOK_EVENT_COMMAND','HOOK_EVENT_SAYREPLY','HOOK_EVENT_SAYTO','HOOK_EVENT_ASK') ORDER BY PRIORITY DESC, NAME
15:03:12 0.22080000 SELECT * FROM settings WHERE 1 AND NAME NOT LIKE '%system%' AND NAME NOT LIKE '%behavior%' AND NAME NOT LIKE '%hook%' AND NAME NOT LIKE '%backup%' AND NAME NOT LIKE '%scenes%' AND NAME NOT LIKE '%calendar%' AND NAME NOT LIKE '%codeeditor%' and NAME IN('GENERAL_START_LAYOUT','SCENES_WIDTH','SCENES_HEIGHT','VOICE_LANGUAGE','THEME','SPEAK_SIGNAL','HOOK_BEFORE_SAY',	
'HOOK_AFTER_SAY','BACKUP_PATH',	'GENERAL_ALICE_NAME','SITE_TIMEZONE','TTS_GOOGLE','SITE_LANGUAGE','HOOK_EVENT_SAY','HOOK_EVENT_HOURLY',
'HOOK_BARCODE',	'HOOK_PLAYMEDIA','HOOK_BEFORE_PLAYSOUND','HOOK_AFTER_PLAYSOUND','HOOK_EVENT_COMMAND','HOOK_EVENT_SAYREPLY','HOOK_EVENT_SAYTO','HOOK_EVENT_ASK') ORDER BY PRIORITY DESC, NAME
15:03:12 0.28613000 SELECT * FROM settings WHERE 1 AND NAME NOT LIKE '%system%' AND NAME NOT LIKE '%behavior%' AND NAME NOT LIKE '%hook%' AND NAME NOT LIKE '%backup%' AND NAME NOT LIKE '%scenes%' AND NAME NOT LIKE '%calendar%' AND NAME NOT LIKE '%codeeditor%' and NAME IN('GENERAL_START_LAYOUT','SCENES_WIDTH','SCENES_HEIGHT','VOICE_LANGUAGE','THEME','SPEAK_SIGNAL','HOOK_BEFORE_SAY',	
'HOOK_AFTER_SAY','BACKUP_PATH',	'GENERAL_ALICE_NAME','SITE_TIMEZONE','TTS_GOOGLE','SITE_LANGUAGE','HOOK_EVENT_SAY','HOOK_EVENT_HOURLY',
'HOOK_BARCODE',	'HOOK_PLAYMEDIA','HOOK_BEFORE_PLAYSOUND','HOOK_AFTER_PLAYSOUND','HOOK_EVENT_COMMAND','HOOK_EVENT_SAYREPLY','HOOK_EVENT_SAYTO','HOOK_EVENT_ASK') ORDER BY PRIORITY DESC, NAME
15:03:18 0.84754900 SELECT * FROM settings WHERE 1 AND NAME LIKE '%system%' ORDER BY PRIORITY DESC, NAME
15:03:18 0.89055900 SELECT * FROM settings WHERE 1 AND NAME LIKE '%system%' ORDER BY PRIORITY DESC, NAME
15:03:19 0.83317800 SELECT * FROM settings WHERE 1 AND NAME LIKE '%behavior%' ORDER BY PRIORITY DESC, NAME
15:03:19 0.87636300 SELECT * FROM settings WHERE 1 AND NAME LIKE '%behavior%' ORDER BY PRIORITY DESC, NAME
17:39:47 0.11938600 SELECT * FROM settings WHERE 1 AND NAME NOT LIKE '%system%' AND NAME NOT LIKE '%behavior%' AND NAME NOT LIKE '%hook%' AND NAME NOT LIKE '%backup%' AND NAME NOT LIKE '%scenes%' AND NAME NOT LIKE '%calendar%' AND NAME NOT LIKE '%codeeditor%' and NAME IN('GENERAL_START_LAYOUT','SCENES_WIDTH','SCENES_HEIGHT','VOICE_LANGUAGE','THEME','SPEAK_SIGNAL','HOOK_BEFORE_SAY',	
'HOOK_AFTER_SAY','BACKUP_PATH',	'GENERAL_ALICE_NAME','SITE_TIMEZONE','TTS_GOOGLE','SITE_LANGUAGE','HOOK_EVENT_SAY','HOOK_EVENT_HOURLY',
'HOOK_BARCODE',	'HOOK_PLAYMEDIA','HOOK_BEFORE_PLAYSOUND','HOOK_AFTER_PLAYSOUND','HOOK_EVENT_COMMAND','HOOK_EVENT_SAYREPLY','HOOK_EVENT_SAYTO','HOOK_EVENT_ASK') ORDER BY PRIORITY DESC, NAME
17:39:47 0.56915900 SELECT * FROM settings WHERE 1 AND NAME NOT LIKE '%system%' AND NAME NOT LIKE '%behavior%' AND NAME NOT LIKE '%hook%' AND NAME NOT LIKE '%backup%' AND NAME NOT LIKE '%scenes%' AND NAME NOT LIKE '%calendar%' AND NAME NOT LIKE '%codeeditor%' and NAME IN('GENERAL_START_LAYOUT','SCENES_WIDTH','SCENES_HEIGHT','VOICE_LANGUAGE','THEME','SPEAK_SIGNAL','HOOK_BEFORE_SAY',	
'HOOK_AFTER_SAY','BACKUP_PATH',	'GENERAL_ALICE_NAME','SITE_TIMEZONE','TTS_GOOGLE','SITE_LANGUAGE','HOOK_EVENT_SAY','HOOK_EVENT_HOURLY',
'HOOK_BARCODE',	'HOOK_PLAYMEDIA','HOOK_BEFORE_PLAYSOUND','HOOK_AFTER_PLAYSOUND','HOOK_EVENT_COMMAND','HOOK_EVENT_SAYREPLY','HOOK_EVENT_SAYTO','HOOK_EVENT_ASK') ORDER BY PRIORITY DESC, NAME
17:39:55 0.03033700 SELECT * FROM settings WHERE 1 AND NAME LIKE '%scenes%' ORDER BY PRIORITY DESC, NAME
17:39:55 0.14805500 SELECT * FROM settings WHERE 1 AND NAME LIKE '%scenes%' ORDER BY PRIORITY DESC, NAME
21:58:37 0.24749800 SELECT * FROM settings WHERE 1 AND NAME NOT LIKE '%system%' AND NAME NOT LIKE '%behavior%' AND NAME NOT LIKE '%hook%' AND NAME NOT LIKE '%backup%' AND NAME NOT LIKE '%scenes%' AND NAME NOT LIKE '%calendar%' AND NAME NOT LIKE '%codeeditor%' and NAME IN('GENERAL_START_LAYOUT','SCENES_WIDTH','SCENES_HEIGHT','VOICE_LANGUAGE','THEME','SPEAK_SIGNAL','HOOK_BEFORE_SAY',	
'HOOK_AFTER_SAY','BACKUP_PATH',	'GENERAL_ALICE_NAME','SITE_TIMEZONE','TTS_GOOGLE','SITE_LANGUAGE','HOOK_EVENT_SAY','HOOK_EVENT_HOURLY',
'HOOK_BARCODE',	'HOOK_PLAYMEDIA','HOOK_BEFORE_PLAYSOUND','HOOK_AFTER_PLAYSOUND','HOOK_EVENT_COMMAND','HOOK_EVENT_SAYREPLY','HOOK_EVENT_SAYTO','HOOK_EVENT_ASK') ORDER BY PRIORITY DESC, NAME
21:58:37 0.29469100 SELECT * FROM settings WHERE 1 AND NAME NOT LIKE '%system%' AND NAME NOT LIKE '%behavior%' AND NAME NOT LIKE '%hook%' AND NAME NOT LIKE '%backup%' AND NAME NOT LIKE '%scenes%' AND NAME NOT LIKE '%calendar%' AND NAME NOT LIKE '%codeeditor%' and NAME IN('GENERAL_START_LAYOUT','SCENES_WIDTH','SCENES_HEIGHT','VOICE_LANGUAGE','THEME','SPEAK_SIGNAL','HOOK_BEFORE_SAY',	
'HOOK_AFTER_SAY','BACKUP_PATH',	'GENERAL_ALICE_NAME','SITE_TIMEZONE','TTS_GOOGLE','SITE_LANGUAGE','HOOK_EVENT_SAY','HOOK_EVENT_HOURLY',
'HOOK_BARCODE',	'HOOK_PLAYMEDIA','HOOK_BEFORE_PLAYSOUND','HOOK_AFTER_PLAYSOUND','HOOK_EVENT_COMMAND','HOOK_EVENT_SAYREPLY','HOOK_EVENT_SAYTO','HOOK_EVENT_ASK') ORDER BY PRIORITY DESC, NAME
22:06:24 0.58530000 SELECT * FROM settings WHERE 1 AND NAME NOT LIKE '%system%' AND NAME NOT LIKE '%behavior%' AND NAME NOT LIKE '%hook%' AND NAME NOT LIKE '%backup%' AND NAME NOT LIKE '%scenes%' AND NAME NOT LIKE '%calendar%' AND NAME NOT LIKE '%codeeditor%' and NAME IN('GENERAL_START_LAYOUT','SCENES_WIDTH','SCENES_HEIGHT','VOICE_LANGUAGE','THEME','SPEAK_SIGNAL','HOOK_BEFORE_SAY',	
'HOOK_AFTER_SAY','BACKUP_PATH',	'GENERAL_ALICE_NAME','SITE_TIMEZONE','TTS_GOOGLE','SITE_LANGUAGE','HOOK_EVENT_SAY','HOOK_EVENT_HOURLY',
'HOOK_BARCODE',	'HOOK_PLAYMEDIA','HOOK_BEFORE_PLAYSOUND','HOOK_AFTER_PLAYSOUND','HOOK_EVENT_COMMAND','HOOK_EVENT_SAYREPLY','HOOK_EVENT_SAYTO','HOOK_EVENT_ASK') ORDER BY PRIORITY DESC, NAME
22:06:24 0.63182100 SELECT * FROM settings WHERE 1 AND NAME NOT LIKE '%system%' AND NAME NOT LIKE '%behavior%' AND NAME NOT LIKE '%hook%' AND NAME NOT LIKE '%backup%' AND NAME NOT LIKE '%scenes%' AND NAME NOT LIKE '%calendar%' AND NAME NOT LIKE '%codeeditor%' and NAME IN('GENERAL_START_LAYOUT','SCENES_WIDTH','SCENES_HEIGHT','VOICE_LANGUAGE','THEME','SPEAK_SIGNAL','HOOK_BEFORE_SAY',	
'HOOK_AFTER_SAY','BACKUP_PATH',	'GENERAL_ALICE_NAME','SITE_TIMEZONE','TTS_GOOGLE','SITE_LANGUAGE','HOOK_EVENT_SAY','HOOK_EVENT_HOURLY',
'HOOK_BARCODE',	'HOOK_PLAYMEDIA','HOOK_BEFORE_PLAYSOUND','HOOK_AFTER_PLAYSOUND','HOOK_EVENT_COMMAND','HOOK_EVENT_SAYREPLY','HOOK_EVENT_SAYTO','HOOK_EVENT_ASK') ORDER BY PRIORITY DESC, NAME
22:06:25 0.72420400 SELECT * FROM settings WHERE 1 AND NAME LIKE '%hook%' ORDER BY PRIORITY DESC, NAME
22:06:25 0.77342000 SELECT * FROM settings WHERE 1 AND NAME LIKE '%hook%' ORDER BY PRIORITY DESC, NAME
22:06:46 0.56364600 SELECT * FROM settings WHERE 1 AND NAME LIKE '%backup%' ORDER BY PRIORITY DESC, NAME
22:06:46 0.60884000 SELECT * FROM settings WHERE 1 AND NAME LIKE '%backup%' ORDER BY PRIORITY DESC, NAME
