16:34:09 0.81180200  Скачиваем архив https://github.com/sergejey/majordomo/archive/master.tar.gz
16:34:12 0.31430100  Готово!
16:34:12 0.31714600  Применяем обновление...
16:34:12 0.31882400  Распаковка master.tgz
16:34:12 0.63167700  Готово!
16:34:12 0.63178300  Проверяем обновление модулей...
16:34:12 0.63217900  Готово!
16:34:12 0.63221900  Применяем изменения /var/www/html/cms/saverestore/temp/majordomo-master to /var/www/html/
16:34:12 0.83850500  Готово!
16:34:12 0.85202200  Готово!
16:34:12 0.85210100  Удаляем временные файлы...
16:34:12 0.89900300  Готово!
16:34:12 0.89905400  Обновления установлены!
16:34:12 0.89908300  Запрос перезагрузки MajorDoMo
16:34:12 0.89917600  Система перезагружена!
16:34:14 0.89953800  Запрос редиректа...
16:34:16 0.89977700 window.top.location.href="/admin.php?md=panel&action=saverestore&ok_msg=%D0%9E%D0%B1%D0%BD%D0%BE%D0%B2%D0%BB%D0%B5%D0%BD%D0%B8%D1%8F+%D1%83%D1%81%D1%82%D0%B0%D0%BD%D0%BE%D0%B2%D0%BB%D0%B5%D0%BD%D1%8B%21";
17:55:38 0.02775800 Downloading 'https://connect.smartliving.ru/market/?op=download&name=mqtt&serial=uniq5f05d1f1970e9' ... 
17:55:38 0.92170100 OK
17:55:38 0.92503800 Unpacking 'mqtt.tgz' ... 
17:55:38 0.95096400  OK 
17:55:38 0.95118300 Updating files ... 
17:55:38 0.95371000  OK 
17:55:38 0.95565100 Plugin 'mqtt' (2022-08-16 15:22:30) installed.
17:55:38 0.95585900 Redirecting to main page...
17:55:38 0.95596800 window.top.location.href="/admin.php?md=panel&action=market&ok_msg=Plugin+%27mqtt%27+%282022-08-16+15%3A22%3A30%29+installed.";
17:57:45 0.67016600 Downloading 'https://connect.smartliving.ru/market/?op=download&name=backup&serial=uniq5f05d1f1970e9' ... 
17:57:46 0.53905400 OK
17:57:46 0.54137800 Unpacking 'backup.tgz' ... 
17:57:46 0.54519000  OK 
17:57:46 0.54527500 Updating files ... 
17:57:46 0.54789100  OK 
17:57:46 0.54943200 Plugin 'backup' (2021-03-27 09:56:50) installed.
17:57:46 0.54953400 Redirecting to main page...
17:57:46 0.54957200 window.top.location.href="/admin.php?md=panel&action=market&ok_msg=Plugin+%27backup%27+%282021-03-27+09%3A56%3A50%29+installed.";
