17:17:56 0.82992500 Installing settings ...
17:17:56 0.83855400 Installing objects ...
17:17:56 0.86031400 Installing devices ...
17:17:56 0.87117700 Installing backup ...
17:17:56 0.87246500 Installing blockly_code ...
17:17:56 0.87517200 Installing classes ...
17:17:56 0.87951600 Installing commands ...
17:17:56 0.96018100 Installing connect ...
17:17:56 0.96369000 Installing control_access ...
17:17:56 0.96623200 Installing dashboard ...
17:17:56 0.96705400 Installing dateselect ...
17:17:56 0.96787100 Installing devices ...
17:17:56 0.97603100 Installing events ...
17:17:56 0.98051400 Installing history ...
17:17:56 0.98325700 Installing jobs ...
17:17:56 0.98680700 Installing layouts ...
17:17:56 0.99059500 Installing linkedobject ...
17:17:56 0.99249900 Installing locations ...
17:17:56 0.99627700 Installing market ...
17:17:57 0.00036400 Installing master ...
17:17:57 0.00193300 Installing methods ...
17:17:57 0.01562800 Installing mqtt ...
17:17:57 0.01955300 Installing myblocks ...
17:17:57 0.02332500 Installing objects ...
17:17:57 0.03647100 Installing patterns ...
17:17:57 0.03996400 Installing pinghosts ...
17:17:57 0.04257500 Installing plans ...
17:17:57 0.04964900 Installing properties ...
17:17:57 0.05039700 Installing pvalues ...
17:17:57 0.05110800 Installing saverestore ...
17:17:57 0.05292700 Installing scenes ...
17:17:57 0.06139100 Installing scripts ...
17:17:57 0.06717100 Installing security_rules ...
17:17:57 0.07054900 Installing settings ...
17:17:57 0.07510100 Installing shoutbox ...
17:17:57 0.07794700 Installing shoutrooms ...
17:17:57 0.08037400 Installing soundfiles ...
17:17:57 0.08111900 Installing system_errors ...
17:17:57 0.08527400 Installing terminals ...
17:17:57 0.08907900 Installing textfiles ...
17:17:57 0.08982100 Installing thumb ...
17:17:57 0.09056700 Installing users ...
17:17:57 0.09306100 Installing xray ...
17:18:21 0.84285200 Installing settings ...
17:18:21 0.85052200 Installing objects ...
17:18:21 0.86584100 Installing devices ...
17:18:21 0.87740100 Installing backup ...
17:18:21 0.87801800 Installing blockly_code ...
17:18:21 0.88089500 Installing classes ...
17:18:21 0.88353100 Installing commands ...
17:18:21 0.91012500 Installing connect ...
17:18:21 0.91263900 Installing control_access ...
17:18:21 0.91466800 Installing dashboard ...
17:18:21 0.91526300 Installing dateselect ...
17:18:21 0.91586200 Installing devices ...
17:18:21 0.92529900 Installing events ...
17:18:21 0.92955300 Installing history ...
17:18:21 0.93182300 Installing jobs ...
17:18:21 0.93398700 Installing layouts ...
17:18:21 0.93597400 Installing linked_prop ...
17:18:21 0.93924400 Installing linkedobject ...
17:18:21 0.93998900 Installing locations ...
17:18:21 0.94285800 Installing market ...
17:18:21 0.94491800 Installing master ...
17:18:21 0.94570500 Installing methods ...
17:18:21 0.94901500 Installing mqtt ...
17:18:21 0.95176300 Installing myblocks ...
17:18:21 0.95507900 Installing objects ...
17:18:21 0.96679600 Installing patterns ...
17:18:21 0.96934900 Installing pinghosts ...
17:18:21 0.97180800 Installing plans ...
17:18:21 0.98264200 Installing properties ...
17:18:21 0.98322100 Installing pvalues ...
17:18:21 0.98376200 Installing saverestore ...
17:18:21 0.98434300 Installing scenes ...
17:18:21 0.99112900 Installing scripts ...
17:18:21 0.99708400 Installing security_rules ...
17:18:22 0.00028800 Installing settings ...
17:18:22 0.00426500 Installing shoutbox ...
17:18:22 0.00640900 Installing shoutrooms ...
17:18:22 0.00828800 Installing soundfiles ...
17:18:22 0.00998500 Installing system_errors ...
17:18:22 0.01415600 Installing terminals ...
17:18:22 0.01747500 Installing textfiles ...
17:18:22 0.01808800 Installing thumb ...
17:18:22 0.01864500 Installing users ...
17:18:22 0.02099100 Installing xray ...
