16:25:55 0.38241000 SELECT * FROM settings WHERE 1 AND NAME NOT LIKE '%system%' AND NAME NOT LIKE '%behavior%' AND NAME NOT LIKE '%hook%' AND NAME NOT LIKE '%backup%' AND NAME NOT LIKE '%scenes%' AND NAME NOT LIKE '%calendar%' AND NAME NOT LIKE '%codeeditor%' and NAME IN('GENERAL_START_LAYOUT','SCENES_WIDTH','SCENES_HEIGHT','VOICE_LANGUAGE','THEME','SPEAK_SIGNAL','HOOK_BEFORE_SAY',	
'HOOK_AFTER_SAY','BACKUP_PATH',	'GENERAL_ALICE_NAME','SITE_TIMEZONE','TTS_GOOGLE','SITE_LANGUAGE','HOOK_EVENT_SAY','HOOK_EVENT_HOURLY',
'HOOK_BARCODE',	'HOOK_PLAYMEDIA','HOOK_BEFORE_PLAYSOUND','HOOK_AFTER_PLAYSOUND','HOOK_EVENT_COMMAND','HOOK_EVENT_SAYREPLY','HOOK_EVENT_SAYTO','HOOK_EVENT_ASK') ORDER BY PRIORITY DESC, NAME
16:25:55 0.41998000 SELECT * FROM settings WHERE 1 AND NAME NOT LIKE '%system%' AND NAME NOT LIKE '%behavior%' AND NAME NOT LIKE '%hook%' AND NAME NOT LIKE '%backup%' AND NAME NOT LIKE '%scenes%' AND NAME NOT LIKE '%calendar%' AND NAME NOT LIKE '%codeeditor%' and NAME IN('GENERAL_START_LAYOUT','SCENES_WIDTH','SCENES_HEIGHT','VOICE_LANGUAGE','THEME','SPEAK_SIGNAL','HOOK_BEFORE_SAY',	
'HOOK_AFTER_SAY','BACKUP_PATH',	'GENERAL_ALICE_NAME','SITE_TIMEZONE','TTS_GOOGLE','SITE_LANGUAGE','HOOK_EVENT_SAY','HOOK_EVENT_HOURLY',
'HOOK_BARCODE',	'HOOK_PLAYMEDIA','HOOK_BEFORE_PLAYSOUND','HOOK_AFTER_PLAYSOUND','HOOK_EVENT_COMMAND','HOOK_EVENT_SAYREPLY','HOOK_EVENT_SAYTO','HOOK_EVENT_ASK') ORDER BY PRIORITY DESC, NAME
16:26:03 0.39743400 SELECT * FROM settings WHERE 1 AND NAME NOT LIKE '%system%' AND NAME NOT LIKE '%behavior%' AND NAME NOT LIKE '%hook%' AND NAME NOT LIKE '%backup%' AND NAME NOT LIKE '%scenes%' AND NAME NOT LIKE '%calendar%' AND NAME NOT LIKE '%codeeditor%' and NAME IN('GENERAL_START_LAYOUT','SCENES_WIDTH','SCENES_HEIGHT','VOICE_LANGUAGE','THEME','SPEAK_SIGNAL','HOOK_BEFORE_SAY',	
'HOOK_AFTER_SAY','BACKUP_PATH',	'GENERAL_ALICE_NAME','SITE_TIMEZONE','TTS_GOOGLE','SITE_LANGUAGE','HOOK_EVENT_SAY','HOOK_EVENT_HOURLY',
'HOOK_BARCODE',	'HOOK_PLAYMEDIA','HOOK_BEFORE_PLAYSOUND','HOOK_AFTER_PLAYSOUND','HOOK_EVENT_COMMAND','HOOK_EVENT_SAYREPLY','HOOK_EVENT_SAYTO','HOOK_EVENT_ASK') ORDER BY PRIORITY DESC, NAME
16:26:03 0.41981600 SELECT * FROM settings WHERE 1 AND NAME NOT LIKE '%system%' AND NAME NOT LIKE '%behavior%' AND NAME NOT LIKE '%hook%' AND NAME NOT LIKE '%backup%' AND NAME NOT LIKE '%scenes%' AND NAME NOT LIKE '%calendar%' AND NAME NOT LIKE '%codeeditor%' and NAME IN('GENERAL_START_LAYOUT','SCENES_WIDTH','SCENES_HEIGHT','VOICE_LANGUAGE','THEME','SPEAK_SIGNAL','HOOK_BEFORE_SAY',	
'HOOK_AFTER_SAY','BACKUP_PATH',	'GENERAL_ALICE_NAME','SITE_TIMEZONE','TTS_GOOGLE','SITE_LANGUAGE','HOOK_EVENT_SAY','HOOK_EVENT_HOURLY',
'HOOK_BARCODE',	'HOOK_PLAYMEDIA','HOOK_BEFORE_PLAYSOUND','HOOK_AFTER_PLAYSOUND','HOOK_EVENT_COMMAND','HOOK_EVENT_SAYREPLY','HOOK_EVENT_SAYTO','HOOK_EVENT_ASK') ORDER BY PRIORITY DESC, NAME
16:26:18 0.89048800 SELECT * FROM settings WHERE 1 AND NAME LIKE '%system%' ORDER BY PRIORITY DESC, NAME
16:26:18 0.92944400 SELECT * FROM settings WHERE 1 AND NAME LIKE '%system%' ORDER BY PRIORITY DESC, NAME
16:26:19 0.96659500 SELECT * FROM settings WHERE 1 AND NAME LIKE '%behavior%' ORDER BY PRIORITY DESC, NAME
16:26:20 0.00516200 SELECT * FROM settings WHERE 1 AND NAME LIKE '%behavior%' ORDER BY PRIORITY DESC, NAME
16:26:20 0.90836500 SELECT * FROM settings WHERE 1 AND NAME LIKE '%hook%' ORDER BY PRIORITY DESC, NAME
16:26:20 0.95084500 SELECT * FROM settings WHERE 1 AND NAME LIKE '%hook%' ORDER BY PRIORITY DESC, NAME
16:26:22 0.10938600 SELECT * FROM settings WHERE 1 AND NAME LIKE '%backup%' ORDER BY PRIORITY DESC, NAME
16:26:22 0.14795400 SELECT * FROM settings WHERE 1 AND NAME LIKE '%backup%' ORDER BY PRIORITY DESC, NAME
16:26:23 0.54795300 SELECT * FROM settings WHERE 1 AND NAME LIKE '%scenes%' ORDER BY PRIORITY DESC, NAME
16:26:23 0.58887500 SELECT * FROM settings WHERE 1 AND NAME LIKE '%scenes%' ORDER BY PRIORITY DESC, NAME
16:26:24 0.14878200 SELECT * FROM settings WHERE 1 AND NAME LIKE '%calendar%' ORDER BY PRIORITY DESC, NAME
16:26:24 0.18576200 SELECT * FROM settings WHERE 1 AND NAME LIKE '%calendar%' ORDER BY PRIORITY DESC, NAME
16:35:27 0.41385900 SELECT * FROM settings WHERE 1 AND NAME NOT LIKE '%system%' AND NAME NOT LIKE '%behavior%' AND NAME NOT LIKE '%hook%' AND NAME NOT LIKE '%backup%' AND NAME NOT LIKE '%scenes%' AND NAME NOT LIKE '%calendar%' AND NAME NOT LIKE '%codeeditor%' and NAME IN('GENERAL_START_LAYOUT','SCENES_WIDTH','SCENES_HEIGHT','VOICE_LANGUAGE','THEME','SPEAK_SIGNAL','HOOK_BEFORE_SAY',	
'HOOK_AFTER_SAY','BACKUP_PATH',	'GENERAL_ALICE_NAME','SITE_TIMEZONE','TTS_GOOGLE','SITE_LANGUAGE','HOOK_EVENT_SAY','HOOK_EVENT_HOURLY',
'HOOK_BARCODE',	'HOOK_PLAYMEDIA','HOOK_BEFORE_PLAYSOUND','HOOK_AFTER_PLAYSOUND','HOOK_EVENT_COMMAND','HOOK_EVENT_SAYREPLY','HOOK_EVENT_SAYTO','HOOK_EVENT_ASK') ORDER BY PRIORITY DESC, NAME
16:35:34 0.68443100 SELECT * FROM settings WHERE 1 AND NAME NOT LIKE '%system%' AND NAME NOT LIKE '%behavior%' AND NAME NOT LIKE '%hook%' AND NAME NOT LIKE '%backup%' AND NAME NOT LIKE '%scenes%' AND NAME NOT LIKE '%calendar%' AND NAME NOT LIKE '%codeeditor%' and NAME IN('GENERAL_START_LAYOUT','SCENES_WIDTH','SCENES_HEIGHT','VOICE_LANGUAGE','THEME','SPEAK_SIGNAL','HOOK_BEFORE_SAY',	
'HOOK_AFTER_SAY','BACKUP_PATH',	'GENERAL_ALICE_NAME','SITE_TIMEZONE','TTS_GOOGLE','SITE_LANGUAGE','HOOK_EVENT_SAY','HOOK_EVENT_HOURLY',
'HOOK_BARCODE',	'HOOK_PLAYMEDIA','HOOK_BEFORE_PLAYSOUND','HOOK_AFTER_PLAYSOUND','HOOK_EVENT_COMMAND','HOOK_EVENT_SAYREPLY','HOOK_EVENT_SAYTO','HOOK_EVENT_ASK') ORDER BY PRIORITY DESC, NAME
16:35:34 0.72101200 SELECT * FROM settings WHERE 1 AND NAME NOT LIKE '%system%' AND NAME NOT LIKE '%behavior%' AND NAME NOT LIKE '%hook%' AND NAME NOT LIKE '%backup%' AND NAME NOT LIKE '%scenes%' AND NAME NOT LIKE '%calendar%' AND NAME NOT LIKE '%codeeditor%' and NAME IN('GENERAL_START_LAYOUT','SCENES_WIDTH','SCENES_HEIGHT','VOICE_LANGUAGE','THEME','SPEAK_SIGNAL','HOOK_BEFORE_SAY',	
'HOOK_AFTER_SAY','BACKUP_PATH',	'GENERAL_ALICE_NAME','SITE_TIMEZONE','TTS_GOOGLE','SITE_LANGUAGE','HOOK_EVENT_SAY','HOOK_EVENT_HOURLY',
'HOOK_BARCODE',	'HOOK_PLAYMEDIA','HOOK_BEFORE_PLAYSOUND','HOOK_AFTER_PLAYSOUND','HOOK_EVENT_COMMAND','HOOK_EVENT_SAYREPLY','HOOK_EVENT_SAYTO','HOOK_EVENT_ASK') ORDER BY PRIORITY DESC, NAME
16:36:13 0.46525400 SELECT * FROM settings WHERE 1 AND NAME LIKE '%codeeditor%' ORDER BY PRIORITY DESC, NAME
16:36:13 0.50763400 SELECT * FROM settings WHERE 1 AND NAME LIKE '%codeeditor%' ORDER BY PRIORITY DESC, NAME
16:36:34 0.91901400 SELECT * FROM settings WHERE 1 AND NAME LIKE '%codeeditor%' ORDER BY PRIORITY DESC, NAME
16:36:34 0.94877900 SELECT * FROM settings WHERE 1 AND NAME LIKE '%codeeditor%' ORDER BY PRIORITY DESC, NAME
16:37:37 0.18017900 SELECT * FROM settings WHERE 1 AND NAME NOT LIKE '%system%' AND NAME NOT LIKE '%behavior%' AND NAME NOT LIKE '%hook%' AND NAME NOT LIKE '%backup%' AND NAME NOT LIKE '%scenes%' AND NAME NOT LIKE '%calendar%' AND NAME NOT LIKE '%codeeditor%' and NAME IN('GENERAL_START_LAYOUT','SCENES_WIDTH','SCENES_HEIGHT','VOICE_LANGUAGE','THEME','SPEAK_SIGNAL','HOOK_BEFORE_SAY',	
'HOOK_AFTER_SAY','BACKUP_PATH',	'GENERAL_ALICE_NAME','SITE_TIMEZONE','TTS_GOOGLE','SITE_LANGUAGE','HOOK_EVENT_SAY','HOOK_EVENT_HOURLY',
'HOOK_BARCODE',	'HOOK_PLAYMEDIA','HOOK_BEFORE_PLAYSOUND','HOOK_AFTER_PLAYSOUND','HOOK_EVENT_COMMAND','HOOK_EVENT_SAYREPLY','HOOK_EVENT_SAYTO','HOOK_EVENT_ASK') ORDER BY PRIORITY DESC, NAME
16:37:37 0.23383700 SELECT * FROM settings WHERE 1 AND NAME NOT LIKE '%system%' AND NAME NOT LIKE '%behavior%' AND NAME NOT LIKE '%hook%' AND NAME NOT LIKE '%backup%' AND NAME NOT LIKE '%scenes%' AND NAME NOT LIKE '%calendar%' AND NAME NOT LIKE '%codeeditor%' and NAME IN('GENERAL_START_LAYOUT','SCENES_WIDTH','SCENES_HEIGHT','VOICE_LANGUAGE','THEME','SPEAK_SIGNAL','HOOK_BEFORE_SAY',	
'HOOK_AFTER_SAY','BACKUP_PATH',	'GENERAL_ALICE_NAME','SITE_TIMEZONE','TTS_GOOGLE','SITE_LANGUAGE','HOOK_EVENT_SAY','HOOK_EVENT_HOURLY',
'HOOK_BARCODE',	'HOOK_PLAYMEDIA','HOOK_BEFORE_PLAYSOUND','HOOK_AFTER_PLAYSOUND','HOOK_EVENT_COMMAND','HOOK_EVENT_SAYREPLY','HOOK_EVENT_SAYTO','HOOK_EVENT_ASK') ORDER BY PRIORITY DESC, NAME
16:37:49 0.92513400 SELECT * FROM settings WHERE 1 AND NAME NOT LIKE '%system%' AND NAME NOT LIKE '%behavior%' AND NAME NOT LIKE '%hook%' AND NAME NOT LIKE '%backup%' AND NAME NOT LIKE '%scenes%' AND NAME NOT LIKE '%calendar%' AND NAME NOT LIKE '%codeeditor%' and NAME IN('GENERAL_START_LAYOUT','SCENES_WIDTH','SCENES_HEIGHT','VOICE_LANGUAGE','THEME','SPEAK_SIGNAL','HOOK_BEFORE_SAY',	
'HOOK_AFTER_SAY','BACKUP_PATH',	'GENERAL_ALICE_NAME','SITE_TIMEZONE','TTS_GOOGLE','SITE_LANGUAGE','HOOK_EVENT_SAY','HOOK_EVENT_HOURLY',
'HOOK_BARCODE',	'HOOK_PLAYMEDIA','HOOK_BEFORE_PLAYSOUND','HOOK_AFTER_PLAYSOUND','HOOK_EVENT_COMMAND','HOOK_EVENT_SAYREPLY','HOOK_EVENT_SAYTO','HOOK_EVENT_ASK') ORDER BY PRIORITY DESC, NAME
